<?xml version="1.0" encoding="UTF-8"?>
<!-- Generated by org.testng.reporters.JUnitReportReporter -->
<testsuite hostname="LAPTOP-D0222Q4F" failures="0" tests="2" name="qaclickacademy.AppiumTest" time="0.007" errors="0" timestamp="2021-06-21T14:16:39 IST" skipped="0">
  <testcase classname="qaclickacademy.AppiumTest" name="Iosapps" time="0.006"/>
  <system-out/>
  <testcase classname="qaclickacademy.AppiumTest" name="NativeappAndroid" time="0.001"/>
  <system-out/>
</testsuite> <!-- qaclickacademy.AppiumTest -->
